CKReader version 1.0
http://www.cantera.org

Sat Mar 13 16:49:51 2010

        input file:                       chem.inp
debugging disabled.


reading elements...

1.  H   1.00797
2.  C   12.0112
3.  O   15.9994
4.  N   14.0067
5.  Ne  20.1830
6.  Ar  39.9480
7.  He  4.00260
8.  Si  28.0860
9.  S   32.0640

read 9 elements.

reading species...

1.  Ar
2.  N2
3.  O2(1)
4.  n-C11(2)
5.  n-C13(3)
6.  Mnphtln(4)
7.  n-C16(5)
8.  C10bnzn(6)
9.  n-C19(7)
10.  n-C21(8)
11.  HO2J(9)
12.  SPC(42)
13.  SPC(116)
14.  SPC(119)
15.  SPC(118)
16.  H2O2(101)
17.  C11H9J(30)
18.  SPC(205)
19.  SPC(208)
20.  SPC(180)
21.  SPC(248)
22.  SPC(262)
23.  SPC(255)
24.  SPC(265)

read 24 species.

looking up species definitions...


 default Tlow, Tmid, Thigh: 300.00  1000.00  5000.00

found species Ar at line 52 of chem.inp
   id/date: L 6/88
   phase: G
   composition: (1 Ar)
   Tlow, Tmid, Thigh: (200.00, 1000.00, 6000.00)

   coefficients (low, high):
   a1  	+2.50000000E+00  	+2.50000000E+00
   a2  	+0.00000000E+00  	+0.00000000E+00
   a3  	+0.00000000E+00  	+0.00000000E+00
   a4  	+0.00000000E+00  	+0.00000000E+00
   a5  	+0.00000000E+00  	+0.00000000E+00
   a6  	-7.45375000E+02  	-7.45375000E+02
   a7  	+4.37967490E+00  	+4.37967490E+00


found species N2 at line 56 of chem.inp
   id/date: G 8/02
   phase: G
   composition: (2 N)
   Tlow, Tmid, Thigh: (200.00, 1000.00, 6000.00)

   coefficients (low, high):
   a1  	+3.53100528E+00  	+2.95257637E+00
   a2  	-1.23660988E-04  	+1.39690040E-03
   a3  	-5.02999433E-07  	-4.92631603E-07
   a4  	+2.43530612E-09  	+7.86010195E-11
   a5  	-1.40881235E-12  	-4.60755204E-15
   a6  	-1.04697628E+03  	-9.23948688E+02
   a7  	+2.96747038E+00  	+5.87188762E+00


found species O2(1) at line 69 of chem.inp ... 
   phase: G
   composition: (2 O)
   Tlow, Tmid, Thigh: (300.00, 995.00, 5000.00)

   coefficients (low, high):
   a1  	+3.54508403E+00  	+3.31508547E+00
   a2  	-1.39003342E-03  	+1.32006465E-03
   a3  	+6.24430868E-06  	-5.32714395E-07
   a4  	-6.25186428E-09  	+9.20149371E-11
   a5  	+2.04119777E-12  	-5.75811318E-15
   a6  	-4.09475551E+03  	-4.13737693E+03
   a7  	-4.36446438E+00  	-3.70016461E+00


found species n-C11(2) at line 74 of chem.inp ... 
   phase: G
   composition: (11 C, 24 H)
   Tlow, Tmid, Thigh: (300.00, 995.00, 5000.00)

   coefficients (low, high):
   a1  	+2.80660224E+00  	+2.60061484E+01
   a2  	+8.83404413E-02  	+6.38892438E-02
   a3  	+4.40278881E-05  	-2.28407483E-05
   a4  	-1.10607521E-07  	+3.69027154E-09
   a5  	+4.59558203E-11  	-2.21693293E-13
   a6  	-5.00005844E+04  	-5.80239318E+04
   a7  	-9.44507243E+00  	-1.38371230E+02


found species n-C13(3) at line 79 of chem.inp ... 
   phase: G
   composition: (13 C, 28 H)
   Tlow, Tmid, Thigh: (300.00, 995.00, 5000.00)

   coefficients (low, high):
   a1  	+2.58151103E+00  	+3.07053495E+01
   a2  	+1.08998739E-01  	+7.49686651E-02
   a3  	+4.09515605E-05  	-2.68781610E-05
   a4  	-1.20908911E-07  	+4.35126880E-09
   a5  	+5.12624648E-11  	-2.61768180E-13
   a6  	-5.71399763E+04  	-6.66490692E+04
   a7  	-8.23864239E+00  	-1.63438637E+02


found species Mnphtln(4) at line 84 of chem.inp ... 
   phase: G
   composition: (11 C, 10 H)
   Tlow, Tmid, Thigh: (300.00, 995.00, 5000.00)

   coefficients (low, high):
   a1  	+2.91765803E+00  	+1.99543052E+01
   a2  	+3.26525402E-02  	+3.65535524E-02
   a3  	+1.02090605E-04  	-1.29116584E-05
   a4  	-1.48098918E-07  	+2.06136391E-09
   a5  	+5.59730704E-11  	-1.22616726E-13
   a6  	-3.21732507E+02  	-7.29573120E+03
   a7  	-1.66325411E+01  	-1.16746917E+02


found species n-C16(5) at line 89 of chem.inp ... 
   phase: G
   composition: (16 C, 34 H)
   Tlow, Tmid, Thigh: (300.00, 995.00, 5000.00)

   coefficients (low, high):
   a1  	+2.24387421E+00  	+3.77541511E+01
   a2  	+1.39986184E-01  	+9.15877972E-02
   a3  	+3.63370692E-05  	-3.29342801E-05
   a4  	-1.36360995E-07  	+5.34276469E-09
   a5  	+5.92224316E-11  	-3.21880512E-13
   a6  	-6.77471382E+04  	-7.94848493E+04
   a7  	-6.08696364E+00  	-2.00697713E+02


found species C10bnzn(6) at line 94 of chem.inp ... 
   phase: G
   composition: (16 C, 26 H)
   Tlow, Tmid, Thigh: (300.00, 995.00, 5000.00)

   coefficients (low, high):
   a1  	+2.20795129E+00  	+3.57646840E+01
   a2  	+1.03781096E-01  	+7.38090261E-02
   a3  	+8.65048752E-05  	-2.64824772E-05
   a4  	-1.77383310E-07  	+4.28846807E-09
   a5  	+7.20111554E-11  	-2.57946794E-13
   a6  	-3.74037859E+04  	-4.92761573E+04
   a7  	-8.37358301E+00  	-1.96199519E+02


found species n-C19(7) at line 99 of chem.inp ... 
   phase: G
   composition: (19 C, 40 H)
   Tlow, Tmid, Thigh: (300.00, 995.00, 5000.00)

   coefficients (low, high):
   a1  	+1.90623740E+00  	+4.48029527E+01
   a2  	+1.70973630E-01  	+1.08206929E-01
   a3  	+3.17225778E-05  	-3.89903992E-05
   a4  	-1.51813080E-07  	+6.33426058E-09
   a5  	+6.71823984E-11  	-3.81992844E-13
   a6  	-7.82582354E+04  	-9.22245648E+04
   a7  	-3.61292035E+00  	-2.37634425E+02


found species n-C21(8) at line 104 of chem.inp ... 
   phase: G
   composition: (21 C, 44 H)
   Tlow, Tmid, Thigh: (300.00, 995.00, 5000.00)

   coefficients (low, high):
   a1  	+1.68114619E+00  	+4.95021538E+01
   a2  	+1.91631927E-01  	+1.19286351E-01
   a3  	+2.86462502E-05  	-4.30278119E-05
   a4  	-1.62114469E-07  	+6.99525783E-09
   a5  	+7.24890430E-11  	-4.22067732E-13
   a6  	-8.52223609E+04  	-1.00674436E+05
   a7  	-1.81834797E+00  	-2.62113689E+02


found species HO2J(9) at line 109 of chem.inp ... 
   phase: G
   composition: (1 H, 2 O)
   Tlow, Tmid, Thigh: (300.00, 995.00, 5000.00)

   coefficients (low, high):
   a1  	+4.03383318E+00  	+3.24380419E+00
   a2  	-1.43110813E-03  	+3.66065214E-03
   a3  	+9.29796195E-06  	-1.26589715E-06
   a4  	-8.81491966E-09  	+1.97776743E-10
   a5  	+2.73898818E-12  	-1.15806423E-14
   a6  	-6.36849042E+03  	-6.30611553E+03
   a7  	-1.18416269E+01  	-8.51072065E+00


found species SPC(42) at line 114 of chem.inp ... 
   phase: G
   composition: (16 C, 25 H)
   Tlow, Tmid, Thigh: (300.00, 995.00, 5000.00)

   coefficients (low, high):
   a1  	+2.04608900E+00  	+3.52276567E+01
   a2  	+1.12496734E-01  	+7.24578819E-02
   a3  	+5.46452407E-05  	-2.57178347E-05
   a4  	-1.43995589E-07  	+4.12778059E-09
   a5  	+6.06563026E-11  	-2.46719165E-13
   a6  	-2.05131941E+04  	-3.17378822E+04
   a7  	-1.14426334E+01  	-1.94581095E+02


found species SPC(116) at line 119 of chem.inp ... 
   phase: G
   composition: (16 C, 25 H, 2 O)
   Tlow, Tmid, Thigh: (300.00, 995.00, 5000.00)

   coefficients (low, high):
   a1  	+1.91369136E+00  	+3.93281701E+01
   a2  	+1.21552533E-01  	+7.33811309E-02
   a3  	+5.52124514E-05  	-2.62825804E-05
   a4  	-1.53605444E-07  	+4.24850316E-09
   a5  	+6.53467977E-11  	-2.55207399E-13
   a6  	-3.20567389E+04  	-4.45635920E+04
   a7  	-4.59892374E+00  	-2.10347550E+02


found species SPC(119) at line 124 of chem.inp ... 
   phase: G
   composition: (16 C, 26 H, 2 O)
   Tlow, Tmid, Thigh: (300.00, 995.00, 5000.00)

   coefficients (low, high):
   a1  	+1.86374216E+00  	+4.13730003E+01
   a2  	+1.23303633E-01  	+7.42453469E-02
   a3  	+6.47359727E-05  	-2.67793704E-05
   a4  	-1.67827944E-07  	+4.34872225E-09
   a5  	+7.08502949E-11  	-2.62013537E-13
   a6  	-5.03445736E+04  	-6.36412791E+04
   a7  	-5.25564492E+00  	-2.22974119E+02


found species SPC(118) at line 129 of chem.inp ... 
   phase: G
   composition: (16 C, 24 H)
   Tlow, Tmid, Thigh: (300.00, 995.00, 5000.00)

   coefficients (low, high):
   a1  	+2.12163523E+00  	+3.53752816E+01
   a2  	+1.02181435E-01  	+6.91278701E-02
   a3  	+7.72052468E-05  	-2.46548810E-05
   a4  	-1.65898538E-07  	+3.97530308E-09
   a5  	+6.79754192E-11  	-2.38388072E-13
   a6  	-2.37066347E+04  	-3.53058215E+04
   a7  	-6.89220312E+00  	-1.92187787E+02


found species H2O2(101) at line 134 of chem.inp ... 
   phase: G
   composition: (2 H, 2 O)
   Tlow, Tmid, Thigh: (300.00, 995.00, 5000.00)

   coefficients (low, high):
   a1  	+3.81742358E+00  	+5.16924380E+00
   a2  	+2.54032760E-03  	+3.40955858E-03
   a3  	+9.81098709E-06  	-1.00163571E-06
   a4  	-1.34733297E-08  	+1.37410746E-10
   a5  	+5.01192779E-12  	-7.24183505E-15
   a6  	-2.30982626E+04  	-2.36793419E+04
   a7  	-1.13158706E+01  	-1.93989545E+01


found species C11H9J(30) at line 139 of chem.inp ... 
   phase: G
   composition: (11 C, 9 H)
   Tlow, Tmid, Thigh: (300.00, 995.00, 5000.00)

   coefficients (low, high):
   a1  	+2.40968256E+00  	+2.09447403E+01
   a2  	+3.92209220E-02  	+3.31035326E-02
   a3  	+8.28829481E-05  	-1.09946431E-05
   a4  	-1.30303477E-07  	+1.66872551E-09
   a5  	+5.04167544E-11  	-9.55340668E-14
   a6  	+1.79921613E+04  	+1.09177356E+04
   a7  	-1.69690268E+01  	-1.23311147E+02


found species SPC(205) at line 144 of chem.inp ... 
   phase: G
   composition: (11 C, 9 H, 2 O)
   Tlow, Tmid, Thigh: (300.00, 995.00, 5000.00)

   coefficients (low, high):
   a1  	+2.82206171E+00  	+2.24632134E+01
   a2  	+5.33097506E-02  	+3.73922606E-02
   a3  	+5.76709512E-05  	-1.33627224E-05
   a4  	-1.09110308E-07  	+2.14958613E-09
   a5  	+4.38213306E-11  	-1.28559777E-13
   a6  	+7.05945953E+03  	+2.99484710E+01
   a7  	-1.37296613E+01  	-1.24070763E+02


found species SPC(208) at line 149 of chem.inp ... 
   phase: G
   composition: (11 C, 10 H, 2 O)
   Tlow, Tmid, Thigh: (300.00, 995.00, 5000.00)

   coefficients (low, high):
   a1  	+2.77211252E+00  	+2.45080436E+01
   a2  	+5.50608512E-02  	+3.82564765E-02
   a3  	+6.71944726E-05  	-1.38595123E-05
   a4  	-1.23332808E-07  	+2.24980521E-09
   a5  	+4.93248278E-11  	-1.35365915E-13
   a6  	-1.12283752E+04  	-1.90477386E+04
   a7  	-1.43863825E+01  	-1.36697331E+02


found species SPC(180) at line 154 of chem.inp ... 
   phase: G
   composition: (16 C, 23 H)
   Tlow, Tmid, Thigh: (300.00, 995.00, 5000.00)

   coefficients (low, high):
   a1  	+2.14952896E+00  	+3.50755169E+01
   a2  	+9.83690859E-02  	+6.73924024E-02
   a3  	+8.20250918E-05  	-2.41111336E-05
   a4  	-1.69612826E-07  	+3.89325656E-09
   a5  	+6.90855238E-11  	-2.33649931E-13
   a6  	-6.72338086E+03  	-1.82949710E+04
   a7  	-8.01535422E+00  	-1.91920792E+02


found species SPC(248) at line 159 of chem.inp ... 
   phase: G
   composition: (16 C, 23 H, 2 O)
   Tlow, Tmid, Thigh: (300.00, 995.00, 5000.00)

   coefficients (low, high):
   a1  	+1.82753153E+00  	+3.99191980E+01
   a2  	+1.22523628E-01  	+6.73849980E-02
   a3  	+4.05131149E-05  	-2.40798120E-05
   a4  	-1.38353997E-07  	+3.88835883E-09
   a5  	+6.03690509E-11  	-2.33426332E-13
   a6  	-1.86691362E+04  	-3.11006054E+04
   a7  	-4.53070499E+00  	-2.12487020E+02


found species SPC(262) at line 164 of chem.inp ... 
   phase: G
   composition: (16 C, 24 H, 2 O)
   Tlow, Tmid, Thigh: (300.00, 995.00, 5000.00)

   coefficients (low, high):
   a1  	+1.77758233E+00  	+4.19640282E+01
   a2  	+1.24274729E-01  	+6.82492139E-02
   a3  	+5.00366362E-05  	-2.45766020E-05
   a4  	-1.52576497E-07  	+3.98857791E-09
   a5  	+6.58725482E-11  	-2.40232471E-13
   a6  	-3.69569709E+04  	-5.01782925E+04
   a7  	-5.18742617E+00  	-2.25113589E+02


found species SPC(255) at line 169 of chem.inp ... 
   phase: G
   composition: (16 C, 23 H, 2 O)
   Tlow, Tmid, Thigh: (300.00, 995.00, 5000.00)

   coefficients (low, high):
   a1  	+2.05036700E+00  	+3.81920832E+01
   a2  	+1.15017460E-01  	+6.96739845E-02
   a3  	+5.72099610E-05  	-2.50982592E-05
   a4  	-1.52014183E-07  	+4.07324407E-09
   a5  	+6.43321208E-11  	-2.45338692E-13
   a6  	-1.82811789E+04  	-3.04214487E+04
   a7  	-3.89495424E+00  	-2.02940277E+02


found species SPC(265) at line 174 of chem.inp ... 
   phase: G
   composition: (16 C, 24 H, 2 O)
   Tlow, Tmid, Thigh: (300.00, 995.00, 5000.00)

   coefficients (low, high):
   a1  	+2.00041780E+00  	+4.02369134E+01
   a2  	+1.16768561E-01  	+7.05382004E-02
   a3  	+6.67334823E-05  	-2.55950492E-05
   a4  	-1.66236683E-07  	+4.17346315E-09
   a5  	+6.98356181E-11  	-2.52144831E-13
   a6  	-3.65690137E+04  	-4.94991358E+04
   a7  	-4.55167542E+00  	-2.15566845E+02

found definitions for 24 of 24 species in the input file. 

validating species...
   checking that all species have been defined... OK
   checking that all species elements have been declared... OK
   checking consistency of species thermo data... 
   Checking that cp/R is positive... ok
   Checking that the species entropies are positive... ok
   Checking that properties are continuous at the midpoint temperature... ok 


   Checking that cp is less that the high-temperature
   limiting value predicted by equipartition of energy.
   Note that this limit does not account for the electronic
   contribution to cp, and so may be violated in some cases.


Warning... species N2: cp(Tmax) greater than equipartition value 
by 2.34830734E+00 percent.
Warning... species O2(1): cp(Tmax) greater than equipartition value 
by 1.32276667E-02 percent.
Warning... species Mnphtln(4): cp(Tmax) greater than equipartition value 
by 1.60940367E+00 percent.
Warning... species HO2J(9): cp(Tmax) greater than equipartition value 
by 2.30637930E+01 percent.
Warning... species H2O2(101): cp(Tmax) greater than equipartition value 
by 9.18155882E+00 percent.
Warning... species C11H9J(30): cp(Tmax) greater than equipartition value 
by 6.10214526E+00 percent.
Warning... species SPC(205): cp(Tmax) greater than equipartition value 
by 1.11882861E+00 percent.OK

reading reactions...


read 54 reactions.
checking that all reactions balance... OK
checking for duplicate reactions......OK

reaction 1
   HO2J(9) + SPC(42) <=> O2(1) + C10bnzn(6)
   rate coeff:  A, n, E = (3E+11, 0, 0)

reaction 2
   O2(1) + SPC(42) <=> SPC(116)
   rate coeff:  A, n, E = (7.54E+12, 0, 0)

reaction 3
   SPC(42) + HO2J(9) <=> SPC(119)
   rate coeff:  A, n, E = (1.6424769E+13, -0.15, 0.31)

reaction 4
   C10bnzn(6) + SPC(116) <=> SPC(42) + SPC(119)
   rate coeff:  A, n, E = (3172926800, 0.95, 5.644)

reaction 5
   SPC(116) + HO2J(9) <=> SPC(119) + O2(1)
   rate coeff:  A, n, E = (1.75E+10, 0, -3.275)

reaction 6
   SPC(42) + SPC(42) <=> C10bnzn(6) + SPC(118)
   rate coeff:  A, n, E = (1.026E+14, -0.35, 0)

reaction 7
   O2(1) + SPC(42) <=> HO2J(9) + SPC(118)
   rate coeff:  A, n, E = (3.616E+11, 0, 0)

reaction 8
   SPC(116) + SPC(42) <=> SPC(119) + SPC(118)
   rate coeff:  A, n, E = (4.82E+13, 0, 0)

reaction 9
   SPC(116) => HO2J(9) + SPC(118)
   rate coeff:  A, n, E = (8.0040557E+10, 0.56333, 29.8)

reaction 10
   SPC(42) + H2O2(101) <=> C10bnzn(6) + HO2J(9)
   rate coeff:  A, n, E = (2973.4435, 2.386, 9.69)

reaction 11
   HO2J(9) + HO2J(9) <=> H2O2(101) + O2(1)
   rate coeff:  A, n, E = (1.75E+10, 0, -3.275)

reaction 12
   HO2J(9) + SPC(42) <=> H2O2(101) + SPC(118)
   rate coeff:  A, n, E = (4.82E+13, 0, 0)

reaction 13
   SPC(116) + H2O2(101) <=> SPC(119) + HO2J(9)
   rate coeff:  A, n, E = (34.6, 3.4, -1.14)

reaction 14
   HO2J(9) + C11H9J(30) <=> O2(1) + Mnphtln(4)
   rate coeff:  A, n, E = (3E+11, 0, 0)

reaction 15
   C11H9J(30) + H2O2(101) <=> Mnphtln(4) + HO2J(9)
   rate coeff:  A, n, E = (2973.4435, 2.386, 9.69)

reaction 16
   C11H9J(30) + C10bnzn(6) <=> Mnphtln(4) + SPC(42)
   rate coeff:  A, n, E = (3039788.2, 1.88583, 9.44833)

reaction 17
   C11H9J(30) + SPC(119) <=> Mnphtln(4) + SPC(116)
   rate coeff:  A, n, E = (1486.7217, 2.386, 9.69)

reaction 18
   SPC(42) + C11H9J(30) <=> SPC(118) + Mnphtln(4)
   rate coeff:  A, n, E = (2.008897E+12, 0, -0.04333)

reaction 19
   O2(1) + C11H9J(30) <=> SPC(205)
   rate coeff:  A, n, E = (4.52E+12, 0, 0)

reaction 20
   C11H9J(30) + HO2J(9) <=> SPC(208)
   rate coeff:  A, n, E = (1.6424769E+13, -0.15, 0.31)

reaction 21
   C11H9J(30) + SPC(208) <=> Mnphtln(4) + SPC(205)
   rate coeff:  A, n, E = (1486.7217, 2.386, 9.69)

reaction 22
   C10bnzn(6) + SPC(205) <=> SPC(42) + SPC(208)
   rate coeff:  A, n, E = (3172926800, 0.95, 5.644)

reaction 23
   SPC(119) + SPC(205) <=> SPC(116) + SPC(208)
   rate coeff:  A, n, E = (17.3, 3.4, -1.14)

reaction 24
   H2O2(101) + SPC(205) <=> HO2J(9) + SPC(208)
   rate coeff:  A, n, E = (34.6, 3.4, -1.14)

reaction 25
   SPC(205) + HO2J(9) <=> SPC(208) + O2(1)
   rate coeff:  A, n, E = (1.75E+10, 0, -3.275)

reaction 26
   SPC(205) + SPC(42) <=> SPC(208) + SPC(118)
   rate coeff:  A, n, E = (4.82E+13, 0, 0)

reaction 27
   SPC(180) + H2O2(101) <=> SPC(118) + HO2J(9)
   rate coeff:  A, n, E = (2973.4435, 2.386, 9.69)

reaction 28
   SPC(118) + SPC(42) <=> SPC(180) + C10bnzn(6)
   rate coeff:  A, n, E = (3039788.2, 1.88583, 9.44833)

reaction 29
   SPC(118) + SPC(116) <=> SPC(180) + SPC(119)
   rate coeff:  A, n, E = (3172926800, 0.95, 5.644)

reaction 30
   HO2J(9) + SPC(180) <=> O2(1) + SPC(118)
   rate coeff:  A, n, E = (3E+11, 0, 0)

reaction 31
   SPC(42) + SPC(180) <=> SPC(118) + SPC(118)
   rate coeff:  A, n, E = (1.026E+14, -0.35, 0)

reaction 32
   SPC(118) + C11H9J(30) <=> SPC(180) + Mnphtln(4)
   rate coeff:  A, n, E = (3039788.2, 1.88583, 9.44833)

reaction 33
   SPC(118) + SPC(205) <=> SPC(180) + SPC(208)
   rate coeff:  A, n, E = (3172926800, 0.95, 5.644)

reaction 34
   O2(1) + SPC(180) <=> SPC(248)
   rate coeff:  A, n, E = (7.54E+12, 0, 0)

reaction 35
   SPC(180) + HO2J(9) <=> SPC(262)
   rate coeff:  A, n, E = (1.6424769E+13, -0.15, 0.31)

reaction 36
   C11H9J(30) + SPC(262) <=> Mnphtln(4) + SPC(248)
   rate coeff:  A, n, E = (1486.7217, 2.386, 9.69)

reaction 37
   C10bnzn(6) + SPC(248) <=> SPC(42) + SPC(262)
   rate coeff:  A, n, E = (3172926800, 0.95, 5.644)

reaction 38
   SPC(119) + SPC(248) <=> SPC(116) + SPC(262)
   rate coeff:  A, n, E = (17.3, 3.4, -1.14)

reaction 39
   SPC(118) + SPC(248) <=> SPC(180) + SPC(262)
   rate coeff:  A, n, E = (3172926800, 0.95, 5.644)

reaction 40
   H2O2(101) + SPC(248) <=> HO2J(9) + SPC(262)
   rate coeff:  A, n, E = (34.6, 3.4, -1.14)

reaction 41
   SPC(208) + SPC(248) <=> SPC(205) + SPC(262)
   rate coeff:  A, n, E = (17.3, 3.4, -1.14)

reaction 42
   SPC(248) + HO2J(9) <=> SPC(262) + O2(1)
   rate coeff:  A, n, E = (1.75E+10, 0, -3.275)

reaction 43
   SPC(248) + SPC(42) <=> SPC(262) + SPC(118)
   rate coeff:  A, n, E = (4.82E+13, 0, 0)

reaction 44
   O2(1) + SPC(180) <=> SPC(255)
   rate coeff:  A, n, E = (7.54E+12, 0, 0)

reaction 45
   SPC(180) + HO2J(9) <=> SPC(265)
   rate coeff:  A, n, E = (1.6424769E+13, -0.15, 0.31)

reaction 46
   C11H9J(30) + SPC(265) <=> Mnphtln(4) + SPC(255)
   rate coeff:  A, n, E = (1486.7217, 2.386, 9.69)

reaction 47
   C10bnzn(6) + SPC(255) <=> SPC(42) + SPC(265)
   rate coeff:  A, n, E = (3172926800, 0.95, 5.644)

reaction 48
   SPC(119) + SPC(255) <=> SPC(116) + SPC(265)
   rate coeff:  A, n, E = (17.3, 3.4, -1.14)

reaction 49
   SPC(118) + SPC(255) <=> SPC(180) + SPC(265)
   rate coeff:  A, n, E = (3172926800, 0.95, 5.644)

reaction 50
   H2O2(101) + SPC(255) <=> HO2J(9) + SPC(265)
   rate coeff:  A, n, E = (34.6, 3.4, -1.14)

reaction 51
   SPC(208) + SPC(255) <=> SPC(205) + SPC(265)
   rate coeff:  A, n, E = (17.3, 3.4, -1.14)

reaction 52
   SPC(262) + SPC(255) <=> SPC(248) + SPC(265)
   rate coeff:  A, n, E = (17.3, 3.4, -1.14)

reaction 53
   SPC(255) + HO2J(9) <=> SPC(265) + O2(1)
   rate coeff:  A, n, E = (1.75E+10, 0, -3.275)

reaction 54
   SPC(255) + SPC(42) <=> SPC(265) + SPC(118)
   rate coeff:  A, n, E = (4.82E+13, 0, 0)


Success... elapsed CPU time = 0.025322 s
