CKReader version 1.0
http://www.cantera.org

Mon Jun  7 20:36:20 2010

        input file:                       chem.inp

***************  Warning  ***************
     mechanism validation disabled
*****************************************
debugging disabled.


reading elements...

1.  H   1.00797
2.  C   12.0112
3.  O   15.9994
4.  N   14.0067
5.  Ne  20.1830
6.  Ar  39.9480
7.  He  4.00260
8.  Si  28.0860
9.  S   32.0640

read 9 elements.

reading species...

1.  Ar
2.  N2
3.  SPC(1)
4.  SPC(2)
5.  SPC(3)
6.  SPC(4)
7.  SPC(5)
8.  O2(6)
9.  SPC(7)
10.  SPC(8)
11.  HO2J(43)
12.  SPC(17)
13.  C11H9J(66)
14.  SPC(117)
15.  SPC(120)
16.  SPC(136)
17.  SPC(137)
18.  SPC(119)
19.  H2O2(101)
20.  SPC(218)
21.  SPC(254)
22.  SPC(268)
23.  SPC(261)
24.  SPC(271)
25.  SPC(395)
26.  SPC(439)
27.  SPC(455)

read 27 species.

looking up species definitions...


 default Tlow, Tmid, Thigh: 300.00  1000.00  5000.00

found species Ar at line 55 of chem.inp
   id/date: L 6/88
   phase: G
   composition: (1 Ar)
   Tlow, Tmid, Thigh: (200.00, 1000.00, 6000.00)

   coefficients (low, high):
   a1  	+2.50000000E+00  	+2.50000000E+00
   a2  	+0.00000000E+00  	+0.00000000E+00
   a3  	+0.00000000E+00  	+0.00000000E+00
   a4  	+0.00000000E+00  	+0.00000000E+00
   a5  	+0.00000000E+00  	+0.00000000E+00
   a6  	-7.45375000E+02  	-7.45375000E+02
   a7  	+4.37967490E+00  	+4.37967490E+00


found species N2 at line 59 of chem.inp
   id/date: G 8/02
   phase: G
   composition: (2 N)
   Tlow, Tmid, Thigh: (200.00, 1000.00, 6000.00)

   coefficients (low, high):
   a1  	+3.53100528E+00  	+2.95257637E+00
   a2  	-1.23660988E-04  	+1.39690040E-03
   a3  	-5.02999433E-07  	-4.92631603E-07
   a4  	+2.43530612E-09  	+7.86010195E-11
   a5  	-1.40881235E-12  	-4.60755204E-15
   a6  	-1.04697628E+03  	-9.23948688E+02
   a7  	+2.96747038E+00  	+5.87188762E+00


found species SPC(1) at line 73 of chem.inp ... 
   phase: G
   composition: (16 C, 26 H)
   Tlow, Tmid, Thigh: (300.00, 995.00, 5000.00)

   coefficients (low, high):
   a1  	+2.20795129E+00  	+3.57646840E+01
   a2  	+1.03781096E-01  	+7.38090261E-02
   a3  	+8.65048752E-05  	-2.64824772E-05
   a4  	-1.77383310E-07  	+4.28846807E-09
   a5  	+7.20111554E-11  	-2.57946794E-13
   a6  	-3.95669421E+04  	-5.14393134E+04
   a7  	-1.56324963E+01  	-2.03458432E+02


found species SPC(2) at line 79 of chem.inp ... 
   phase: G
   composition: (11 C, 24 H)
   Tlow, Tmid, Thigh: (300.00, 995.00, 5000.00)

   coefficients (low, high):
   a1  	+2.80660224E+00  	+2.60061484E+01
   a2  	+8.83404413E-02  	+6.38892438E-02
   a3  	+4.40278881E-05  	-2.28407483E-05
   a4  	-1.10607521E-07  	+3.69027154E-09
   a5  	+4.59558203E-11  	-2.21693293E-13
   a6  	-5.17889195E+04  	-5.98122669E+04
   a7  	-1.54461970E+01  	-1.44372355E+02


found species SPC(3) at line 85 of chem.inp ... 
   phase: G
   composition: (13 C, 28 H)
   Tlow, Tmid, Thigh: (300.00, 995.00, 5000.00)

   coefficients (low, high):
   a1  	+2.58151103E+00  	+3.07053495E+01
   a2  	+1.08998739E-01  	+7.49686651E-02
   a3  	+4.09515605E-05  	-2.68781610E-05
   a4  	-1.20908911E-07  	+4.35126880E-09
   a5  	+5.12624648E-11  	-2.61768180E-13
   a6  	-5.91141937E+04  	-6.86232867E+04
   a7  	-1.48635330E+01  	-1.70063527E+02


found species SPC(4) at line 91 of chem.inp ... 
   phase: G
   composition: (11 C, 10 H)
   Tlow, Tmid, Thigh: (300.00, 995.00, 5000.00)

   coefficients (low, high):
   a1  	+2.91765803E+00  	+1.99543052E+01
   a2  	+3.26525402E-02  	+3.65535524E-02
   a3  	+1.02090605E-04  	-1.29116584E-05
   a4  	-1.48098918E-07  	+2.06136391E-09
   a5  	+5.59730704E-11  	-1.22616726E-13
   a6  	-1.92671435E+03  	-8.90071304E+03
   a7  	-2.20183862E+01  	-1.22132762E+02


found species SPC(5) at line 97 of chem.inp ... 
   phase: G
   composition: (16 C, 34 H)
   Tlow, Tmid, Thigh: (300.00, 995.00, 5000.00)

   coefficients (low, high):
   a1  	+2.24387421E+00  	+3.77541511E+01
   a2  	+1.39986184E-01  	+9.15877972E-02
   a3  	+3.63370692E-05  	-3.29342801E-05
   a4  	-1.36360995E-07  	+5.34276469E-09
   a5  	+5.92224316E-11  	-3.21880512E-13
   a6  	-6.99831259E+04  	-8.17208370E+04
   a7  	-1.35902780E+01  	-2.08201027E+02


found species O2(6) at line 103 of chem.inp ... 
   phase: G
   composition: (2 O)
   Tlow, Tmid, Thigh: (300.00, 995.00, 5000.00)

   coefficients (low, high):
   a1  	+3.54508403E+00  	+3.31508547E+00
   a2  	-1.39003342E-03  	+1.32006465E-03
   a3  	+6.24430868E-06  	-5.32714395E-07
   a4  	-6.25186428E-09  	+9.20149371E-11
   a5  	+2.04119777E-12  	-5.75811318E-15
   a6  	-4.49415352E+03  	-4.53677493E+03
   a7  	-5.70472615E+00  	-5.04042637E+00


found species SPC(7) at line 109 of chem.inp ... 
   phase: G
   composition: (19 C, 40 H)
   Tlow, Tmid, Thigh: (300.00, 995.00, 5000.00)

   coefficients (low, high):
   a1  	+1.90623740E+00  	+4.48029527E+01
   a2  	+1.70973630E-01  	+1.08206929E-01
   a3  	+3.17225778E-05  	-3.89903992E-05
   a4  	-1.51813080E-07  	+6.33426058E-09
   a5  	+6.71823984E-11  	-3.81992844E-13
   a6  	-8.07398663E+04  	-9.47061957E+04
   a7  	-1.19405407E+01  	-2.45962045E+02


found species SPC(8) at line 115 of chem.inp ... 
   phase: G
   composition: (21 C, 44 H)
   Tlow, Tmid, Thigh: (300.00, 995.00, 5000.00)

   coefficients (low, high):
   a1  	+1.68114619E+00  	+4.95021538E+01
   a2  	+1.91631927E-01  	+1.19286351E-01
   a3  	+2.86462502E-05  	-4.30278119E-05
   a4  	-1.62114469E-07  	+6.99525783E-09
   a5  	+7.24890430E-11  	-4.22067732E-13
   a6  	-8.78604685E+04  	-1.03312543E+05
   a7  	-1.06710580E+01  	-2.70966399E+02


found species HO2J(43) at line 121 of chem.inp ... 
   phase: G
   composition: (1 H, 2 O)
   Tlow, Tmid, Thigh: (300.00, 995.00, 5000.00)

   coefficients (low, high):
   a1  	+4.03383318E+00  	+3.24380419E+00
   a2  	-1.43110813E-03  	+3.66065214E-03
   a3  	+9.29796195E-06  	-1.26589715E-06
   a4  	-8.81491966E-09  	+1.97776743E-10
   a5  	+2.73898818E-12  	-1.15806423E-14
   a6  	-7.14087659E+03  	-7.07850170E+03
   a7  	-1.44335268E+01  	-1.11026205E+01


found species SPC(17) at line 127 of chem.inp ... 
   phase: G
   composition: (16 C, 25 H)
   Tlow, Tmid, Thigh: (300.00, 995.00, 5000.00)

   coefficients (low, high):
   a1  	+2.04608900E+00  	+3.52276567E+01
   a2  	+1.12496734E-01  	+7.24578819E-02
   a3  	+5.46452407E-05  	-2.57178347E-05
   a4  	-1.43995589E-07  	+4.12778059E-09
   a5  	+6.06563026E-11  	-2.46719165E-13
   a6  	-2.26763503E+04  	-3.39010384E+04
   a7  	-1.87015467E+01  	-2.01840008E+02


found species C11H9J(66) at line 133 of chem.inp ... 
   phase: G
   composition: (11 C, 9 H)
   Tlow, Tmid, Thigh: (300.00, 995.00, 5000.00)

   coefficients (low, high):
   a1  	+2.40968256E+00  	+2.09447403E+01
   a2  	+3.92209220E-02  	+3.31035326E-02
   a3  	+8.28829481E-05  	-1.09946431E-05
   a4  	-1.30303477E-07  	+1.66872551E-09
   a5  	+5.04167544E-11  	-9.55340668E-14
   a6  	+1.63871794E+04  	+9.31275374E+03
   a7  	-2.23548719E+01  	-1.28696992E+02


found species SPC(117) at line 139 of chem.inp ... 
   phase: G
   composition: (16 C, 25 H, 2 O)
   Tlow, Tmid, Thigh: (300.00, 995.00, 5000.00)

   coefficients (low, high):
   a1  	+1.91369136E+00  	+3.93281701E+01
   a2  	+1.21552533E-01  	+7.33811309E-02
   a3  	+5.52124514E-05  	-2.62825804E-05
   a4  	-1.53605444E-07  	+4.24850316E-09
   a5  	+6.53467977E-11  	-2.55207399E-13
   a6  	-3.43191421E+04  	-4.68259952E+04
   a7  	-1.21908809E+01  	-2.17939508E+02


found species SPC(120) at line 145 of chem.inp ... 
   phase: G
   composition: (16 C, 26 H, 2 O)
   Tlow, Tmid, Thigh: (300.00, 995.00, 5000.00)

   coefficients (low, high):
   a1  	+1.86374216E+00  	+4.13730003E+01
   a2  	+1.23303633E-01  	+7.42453469E-02
   a3  	+6.47359727E-05  	-2.67793704E-05
   a4  	-1.67827944E-07  	+4.34872225E-09
   a5  	+7.08502949E-11  	-2.62013537E-13
   a6  	-5.26069769E+04  	-6.59036823E+04
   a7  	-1.28476021E+01  	-2.30566076E+02


found species SPC(136) at line 151 of chem.inp ... 
   phase: G
   composition: (11 C, 9 H, 2 O)
   Tlow, Tmid, Thigh: (300.00, 995.00, 5000.00)

   coefficients (low, high):
   a1  	+2.82206171E+00  	+2.24632134E+01
   a2  	+5.33097506E-02  	+3.73922606E-02
   a3  	+5.76709512E-05  	-1.33627224E-05
   a4  	-1.09110308E-07  	+2.14958613E-09
   a5  	+4.38213306E-11  	-1.28559777E-13
   a6  	+5.33768022E+03  	-1.69183084E+03
   a7  	-1.95074442E+01  	-1.29848546E+02


found species SPC(137) at line 157 of chem.inp ... 
   phase: G
   composition: (11 C, 10 H, 2 O)
   Tlow, Tmid, Thigh: (300.00, 995.00, 5000.00)

   coefficients (low, high):
   a1  	+2.77211252E+00  	+2.45080436E+01
   a2  	+5.50608512E-02  	+3.82564765E-02
   a3  	+6.71944726E-05  	-1.38595123E-05
   a4  	-1.23332808E-07  	+2.24980521E-09
   a5  	+4.93248278E-11  	-1.35365915E-13
   a6  	-1.29501545E+04  	-2.07695179E+04
   a7  	-2.01641654E+01  	-1.42475114E+02


found species SPC(119) at line 163 of chem.inp ... 
   phase: G
   composition: (16 C, 24 H)
   Tlow, Tmid, Thigh: (300.00, 995.00, 5000.00)

   coefficients (low, high):
   a1  	+2.12163523E+00  	+3.53752816E+01
   a2  	+1.02181435E-01  	+6.91278701E-02
   a3  	+7.72052468E-05  	-2.46548810E-05
   a4  	-1.65898538E-07  	+3.97530308E-09
   a5  	+6.79754192E-11  	-2.38388072E-13
   a6  	-2.57525025E+04  	-3.73516892E+04
   a7  	-1.37575311E+01  	-1.99053115E+02


found species H2O2(101) at line 169 of chem.inp ... 
   phase: G
   composition: (2 H, 2 O)
   Tlow, Tmid, Thigh: (300.00, 995.00, 5000.00)

   coefficients (low, high):
   a1  	+3.81742358E+00  	+5.16924380E+00
   a2  	+2.54032760E-03  	+3.40955858E-03
   a3  	+9.81098709E-06  	-1.00163571E-06
   a4  	-1.34733297E-08  	+1.37410746E-10
   a5  	+5.01192779E-12  	-7.24183505E-15
   a6  	-2.38706487E+04  	-2.44517280E+04
   a7  	-1.39077705E+01  	-2.19908544E+01


found species SPC(218) at line 175 of chem.inp ... 
   phase: G
   composition: (16 C, 23 H)
   Tlow, Tmid, Thigh: (300.00, 995.00, 5000.00)

   coefficients (low, high):
   a1  	+2.14952896E+00  	+3.50755169E+01
   a2  	+9.83690859E-02  	+6.73924024E-02
   a3  	+8.20250918E-05  	-2.41111336E-05
   a4  	-1.69612826E-07  	+3.89325656E-09
   a5  	+6.90855238E-11  	-2.33649931E-13
   a6  	-8.76924860E+03  	-2.03408388E+04
   a7  	-1.48806822E+01  	-1.98786120E+02


found species SPC(254) at line 181 of chem.inp ... 
   phase: G
   composition: (16 C, 23 H, 2 O)
   Tlow, Tmid, Thigh: (300.00, 995.00, 5000.00)

   coefficients (low, high):
   a1  	+1.82753153E+00  	+3.99191980E+01
   a2  	+1.22523628E-01  	+6.73849980E-02
   a3  	+4.05131149E-05  	-2.40798120E-05
   a4  	-1.38353997E-07  	+3.88835883E-09
   a5  	+6.03690509E-11  	-2.33426332E-13
   a6  	-2.08462691E+04  	-3.32777383E+04
   a7  	-1.18365201E+01  	-2.19792836E+02


found species SPC(268) at line 187 of chem.inp ... 
   phase: G
   composition: (16 C, 24 H, 2 O)
   Tlow, Tmid, Thigh: (300.00, 995.00, 5000.00)

   coefficients (low, high):
   a1  	+1.77758233E+00  	+4.19640282E+01
   a2  	+1.24274729E-01  	+6.82492139E-02
   a3  	+5.00366362E-05  	-2.45766020E-05
   a4  	-1.52576497E-07  	+3.98857791E-09
   a5  	+6.58725482E-11  	-2.40232471E-13
   a6  	-3.91341038E+04  	-5.23554254E+04
   a7  	-1.24932412E+01  	-2.32419404E+02


found species SPC(261) at line 193 of chem.inp ... 
   phase: G
   composition: (16 C, 23 H, 2 O)
   Tlow, Tmid, Thigh: (300.00, 995.00, 5000.00)

   coefficients (low, high):
   a1  	+2.05036700E+00  	+3.81920832E+01
   a2  	+1.15017460E-01  	+6.96739845E-02
   a3  	+5.72099610E-05  	-2.50982592E-05
   a4  	-1.52014183E-07  	+4.07324407E-09
   a5  	+6.43321208E-11  	-2.45338692E-13
   a6  	-2.05146394E+04  	-3.26549091E+04
   a7  	-1.13897880E+01  	-2.10435111E+02


found species SPC(271) at line 199 of chem.inp ... 
   phase: G
   composition: (16 C, 24 H, 2 O)
   Tlow, Tmid, Thigh: (300.00, 995.00, 5000.00)

   coefficients (low, high):
   a1  	+2.00041780E+00  	+4.02369134E+01
   a2  	+1.16768561E-01  	+7.05382004E-02
   a3  	+6.67334823E-05  	-2.55950492E-05
   a4  	-1.66236683E-07  	+4.17346315E-09
   a5  	+6.98356181E-11  	-2.52144831E-13
   a6  	-3.88024741E+04  	-5.17325962E+04
   a7  	-1.20465092E+01  	-2.23061679E+02


found species SPC(395) at line 205 of chem.inp ... 
   phase: G
   composition: (16 C, 23 H, 2 O)
   Tlow, Tmid, Thigh: (300.00, 995.00, 5000.00)

   coefficients (low, high):
   a1  	+2.02831153E+00  	+3.99371487E+01
   a2  	+1.12956212E-01  	+6.88027327E-02
   a3  	+7.15533274E-05  	-2.50513018E-05
   a4  	-1.69950970E-07  	+4.09141663E-09
   a5  	+7.09457228E-11  	-2.47406689E-13
   a6  	-2.18192203E+04  	-3.47217458E+04
   a7  	-1.31696603E+01  	-2.22794684E+02


found species SPC(439) at line 211 of chem.inp ... 
   phase: G
   composition: (16 C, 23 H, 4 O)
   Tlow, Tmid, Thigh: (300.00, 995.00, 5000.00)

   coefficients (low, high):
   a1  	+1.70631410E+00  	+4.47808298E+01
   a2  	+1.37110754E-01  	+6.87953283E-02
   a3  	+3.00413504E-05  	-2.50199802E-05
   a4  	-1.38692142E-07  	+4.08651891E-09
   a5  	+6.22292499E-11  	-2.47183091E-13
   a6  	-3.38544487E+04  	-4.76168532E+04
   a7  	-9.98525632E+00  	-2.43661157E+02


found species SPC(455) at line 217 of chem.inp ... 
   phase: G
   composition: (16 C, 24 H, 4 O)
   Tlow, Tmid, Thigh: (300.00, 995.00, 5000.00)

   coefficients (low, high):
   a1  	+1.65636490E+00  	+4.68256600E+01
   a2  	+1.38861855E-01  	+6.96595442E-02
   a3  	+3.95648718E-05  	-2.55167702E-05
   a4  	-1.52914642E-07  	+4.18673799E-09
   a5  	+6.77327471E-11  	-2.53989229E-13
   a6  	-5.21422834E+04  	-6.66945403E+04
   a7  	-1.06419775E+01  	-2.56287725E+02

found definitions for 27 of 27 species in the input file. 

reading reactions...


read 87 reactions.

reaction 1
   HO2J(43) + SPC(17) <=> O2(6) + SPC(1)
   rate coeff:  A, n, E = (3E+11, 0, 0)

reaction 2
   SPC(1) + O2(6) => SPC(17) + HO2J(43)
   rate coeff:  A, n, E = (4E+16, 0, 28.86735)

reaction 3
   HO2J(43) + C11H9J(66) <=> O2(6) + SPC(4)
   rate coeff:  A, n, E = (3E+11, 0, 0)

reaction 4
   SPC(4) + O2(6) => C11H9J(66) + HO2J(43)
   rate coeff:  A, n, E = (6E+16, 0, 31.46716)

reaction 5
   C11H9J(66) + SPC(1) <=> SPC(4) + SPC(17)
   rate coeff:  A, n, E = (3039788.2, 1.88583, 9.44833)

reaction 6
   O2(6) + SPC(17) <=> SPC(117)
   rate coeff:  A, n, E = (7.54E+12, 0, 0)

reaction 7
   SPC(17) + O2(6) => SPC(117)
   rate coeff:  A, n, E = (2E+11, 0, 0)

reaction 8
   SPC(17) + HO2J(43) <=> SPC(120)
   rate coeff:  A, n, E = (1.6424769E+13, -0.15, 0.31)

reaction 9
   SPC(1) + SPC(117) <=> SPC(17) + SPC(120)
   rate coeff:  A, n, E = (2490053800, 0.95, 5.7515)

reaction 10
   C11H9J(66) + SPC(120) <=> SPC(4) + SPC(117)
   rate coeff:  A, n, E = (1.0152493, 3.29, 1.0725)

reaction 11
   SPC(117) + HO2J(43) <=> SPC(120) + O2(6)
   rate coeff:  A, n, E = (1.75E+10, 0, -3.275)

reaction 12
   O2(6) + C11H9J(66) <=> SPC(136)
   rate coeff:  A, n, E = (4.52E+12, 0, 0)

reaction 13
   C11H9J(66) + O2(6) => SPC(136)
   rate coeff:  A, n, E = (2E+11, 0, 0)

reaction 14
   C11H9J(66) + HO2J(43) <=> SPC(137)
   rate coeff:  A, n, E = (1.6424769E+13, -0.15, 0.31)

reaction 15
   SPC(1) + SPC(136) <=> SPC(17) + SPC(137)
   rate coeff:  A, n, E = (2490053800, 0.95, 5.7515)

reaction 16
   C11H9J(66) + SPC(137) <=> SPC(4) + SPC(136)
   rate coeff:  A, n, E = (1.0152493, 3.29, 1.0725)

reaction 17
   SPC(120) + SPC(136) <=> SPC(117) + SPC(137)
   rate coeff:  A, n, E = (1E+10, 0, 3.3)

reaction 18
   SPC(136) + HO2J(43) <=> SPC(137) + O2(6)
   rate coeff:  A, n, E = (1.75E+10, 0, -3.275)

reaction 19
   SPC(17) + SPC(17) <=> SPC(1) + SPC(119)
   rate coeff:  A, n, E = (1.026E+14, -0.35, 0)

reaction 20
   O2(6) + SPC(17) <=> HO2J(43) + SPC(119)
   rate coeff:  A, n, E = (9.033E+10, 0, 0)

reaction 21
   C11H9J(66) + SPC(17) <=> SPC(4) + SPC(119)
   rate coeff:  A, n, E = (2.008897E+12, 0, -0.04333)

reaction 22
   SPC(117) + SPC(17) <=> SPC(120) + SPC(119)
   rate coeff:  A, n, E = (4.82E+13, 0, 0)

reaction 23
   SPC(117) => HO2J(43) + SPC(119)
   rate coeff:  A, n, E = (8.0040557E+10, 0.56333, 29.8)

reaction 24
   SPC(136) + SPC(17) <=> SPC(137) + SPC(119)
   rate coeff:  A, n, E = (4.82E+13, 0, 0)

reaction 25
   SPC(17) + H2O2(101) <=> SPC(1) + HO2J(43)
   rate coeff:  A, n, E = (1.8409782, 3.33667, 1.13833)

reaction 26
   C11H9J(66) + H2O2(101) <=> SPC(4) + HO2J(43)
   rate coeff:  A, n, E = (2.0304987, 3.29, 1.0725)

reaction 27
   HO2J(43) + HO2J(43) <=> H2O2(101) + O2(6)
   rate coeff:  A, n, E = (1.75E+10, 0, -3.275)

reaction 28
   HO2J(43) + SPC(17) <=> H2O2(101) + SPC(119)
   rate coeff:  A, n, E = (4.82E+13, 0, 0)

reaction 29
   SPC(117) + H2O2(101) <=> SPC(120) + HO2J(43)
   rate coeff:  A, n, E = (2E+10, 0, -1.30457)

reaction 30
   SPC(136) + H2O2(101) <=> SPC(137) + HO2J(43)
   rate coeff:  A, n, E = (2E+10, 0, -1.30457)

reaction 31
   SPC(218) + H2O2(101) <=> SPC(119) + HO2J(43)
   rate coeff:  A, n, E = (1.8409782, 3.33667, 1.13833)

reaction 32
   SPC(119) + SPC(17) <=> SPC(218) + SPC(1)
   rate coeff:  A, n, E = (3039788.2, 1.88583, 9.44833)

reaction 33
   SPC(119) + C11H9J(66) <=> SPC(218) + SPC(4)
   rate coeff:  A, n, E = (3039788.2, 1.88583, 9.44833)

reaction 34
   SPC(119) + SPC(117) <=> SPC(218) + SPC(120)
   rate coeff:  A, n, E = (2490053800, 0.95, 5.7515)

reaction 35
   SPC(119) + SPC(136) <=> SPC(218) + SPC(137)
   rate coeff:  A, n, E = (2490053800, 0.95, 5.7515)

reaction 36
   HO2J(43) + SPC(218) <=> O2(6) + SPC(119)
   rate coeff:  A, n, E = (3E+11, 0, 0)

reaction 37
   SPC(17) + SPC(218) <=> SPC(119) + SPC(119)
   rate coeff:  A, n, E = (1.026E+14, -0.35, 0)

reaction 38
   SPC(119) + O2(6) => SPC(218) + HO2J(43)
   rate coeff:  A, n, E = (4E+16, 0, 28.56773)

reaction 39
   O2(6) + SPC(218) <=> SPC(254)
   rate coeff:  A, n, E = (7.54E+12, 0, 0)

reaction 40
   SPC(218) + O2(6) => SPC(254)
   rate coeff:  A, n, E = (2E+11, 0, 0)

reaction 41
   SPC(218) + HO2J(43) <=> SPC(268)
   rate coeff:  A, n, E = (1.6424769E+13, -0.15, 0.31)

reaction 42
   SPC(1) + SPC(254) <=> SPC(17) + SPC(268)
   rate coeff:  A, n, E = (2490053800, 0.95, 5.7515)

reaction 43
   C11H9J(66) + SPC(268) <=> SPC(4) + SPC(254)
   rate coeff:  A, n, E = (1.0152493, 3.29, 1.0725)

reaction 44
   SPC(120) + SPC(254) <=> SPC(117) + SPC(268)
   rate coeff:  A, n, E = (1E+10, 0, 3.3)

reaction 45
   SPC(137) + SPC(254) <=> SPC(136) + SPC(268)
   rate coeff:  A, n, E = (1E+10, 0, 3.3)

reaction 46
   SPC(119) + SPC(254) <=> SPC(218) + SPC(268)
   rate coeff:  A, n, E = (2490053800, 0.95, 5.7515)

reaction 47
   H2O2(101) + SPC(254) <=> HO2J(43) + SPC(268)
   rate coeff:  A, n, E = (2E+10, 0, -1.30457)

reaction 48
   SPC(254) + HO2J(43) <=> SPC(268) + O2(6)
   rate coeff:  A, n, E = (1.75E+10, 0, -3.275)

reaction 49
   SPC(254) + SPC(17) <=> SPC(268) + SPC(119)
   rate coeff:  A, n, E = (4.82E+13, 0, 0)

reaction 50
   O2(6) + SPC(218) <=> SPC(261)
   rate coeff:  A, n, E = (7.54E+12, 0, 0)

reaction 51
   SPC(218) + O2(6) => SPC(261)
   rate coeff:  A, n, E = (2E+11, 0, 0)

reaction 52
   SPC(218) + HO2J(43) <=> SPC(271)
   rate coeff:  A, n, E = (1.6424769E+13, -0.15, 0.31)

reaction 53
   SPC(1) + SPC(261) <=> SPC(17) + SPC(271)
   rate coeff:  A, n, E = (2490053800, 0.95, 5.7515)

reaction 54
   C11H9J(66) + SPC(271) <=> SPC(4) + SPC(261)
   rate coeff:  A, n, E = (1.0152493, 3.29, 1.0725)

reaction 55
   SPC(120) + SPC(261) <=> SPC(117) + SPC(271)
   rate coeff:  A, n, E = (1E+10, 0, 3.3)

reaction 56
   SPC(137) + SPC(261) <=> SPC(136) + SPC(271)
   rate coeff:  A, n, E = (1E+10, 0, 3.3)

reaction 57
   SPC(119) + SPC(261) <=> SPC(218) + SPC(271)
   rate coeff:  A, n, E = (2490053800, 0.95, 5.7515)

reaction 58
   H2O2(101) + SPC(261) <=> HO2J(43) + SPC(271)
   rate coeff:  A, n, E = (2E+10, 0, -1.30457)

reaction 59
   SPC(268) + SPC(261) <=> SPC(254) + SPC(271)
   rate coeff:  A, n, E = (1E+10, 0, 3.3)

reaction 60
   SPC(261) + HO2J(43) <=> SPC(271) + O2(6)
   rate coeff:  A, n, E = (1.75E+10, 0, -3.275)

reaction 61
   SPC(261) + SPC(17) <=> SPC(271) + SPC(119)
   rate coeff:  A, n, E = (4.82E+13, 0, 0)

reaction 62
   SPC(261) <=> SPC(395)
   rate coeff:  A, n, E = (1308666.5, 1.215, 16.55333)

reaction 63
   SPC(395) + H2O2(101) <=> SPC(271) + HO2J(43)
   rate coeff:  A, n, E = (1.8409782, 3.33667, 1.13833)

reaction 64
   SPC(271) + SPC(17) <=> SPC(395) + SPC(1)
   rate coeff:  A, n, E = (3039788.2, 1.88583, 9.44833)

reaction 65
   SPC(271) + C11H9J(66) <=> SPC(395) + SPC(4)
   rate coeff:  A, n, E = (3039788.2, 1.88583, 9.44833)

reaction 66
   SPC(271) + SPC(117) <=> SPC(395) + SPC(120)
   rate coeff:  A, n, E = (2490053800, 0.95, 5.7515)

reaction 67
   SPC(271) + SPC(136) <=> SPC(395) + SPC(137)
   rate coeff:  A, n, E = (2490053800, 0.95, 5.7515)

reaction 68
   SPC(271) + SPC(218) <=> SPC(395) + SPC(119)
   rate coeff:  A, n, E = (3039788.2, 1.88583, 9.44833)

reaction 69
   SPC(271) + SPC(254) <=> SPC(395) + SPC(268)
   rate coeff:  A, n, E = (2490053800, 0.95, 5.7515)

reaction 70
   SPC(271) + SPC(261) <=> SPC(395) + SPC(271)
   rate coeff:  A, n, E = (2490053800, 0.95, 5.7515)

reaction 71
   HO2J(43) + SPC(395) <=> O2(6) + SPC(271)
   rate coeff:  A, n, E = (3E+11, 0, 0)

reaction 72
   SPC(17) + SPC(395) <=> SPC(119) + SPC(271)
   rate coeff:  A, n, E = (1.026E+14, -0.35, 0)

reaction 73
   SPC(271) + O2(6) => SPC(395) + HO2J(43)
   rate coeff:  A, n, E = (4E+16, 0, 28.56773)

reaction 74
   O2(6) + SPC(395) <=> SPC(439)
   rate coeff:  A, n, E = (7.54E+12, 0, 0)

reaction 75
   SPC(395) + O2(6) => SPC(439)
   rate coeff:  A, n, E = (2E+11, 0, 0)

reaction 76
   SPC(395) + HO2J(43) <=> SPC(455)
   rate coeff:  A, n, E = (1.6424769E+13, -0.15, 0.31)

reaction 77
   SPC(1) + SPC(439) <=> SPC(17) + SPC(455)
   rate coeff:  A, n, E = (2490053800, 0.95, 5.7515)

reaction 78
   C11H9J(66) + SPC(455) <=> SPC(4) + SPC(439)
   rate coeff:  A, n, E = (1.0152493, 3.29, 1.0725)

reaction 79
   SPC(120) + SPC(439) <=> SPC(117) + SPC(455)
   rate coeff:  A, n, E = (1E+10, 0, 3.3)

reaction 80
   SPC(137) + SPC(439) <=> SPC(136) + SPC(455)
   rate coeff:  A, n, E = (1E+10, 0, 3.3)

reaction 81
   SPC(119) + SPC(439) <=> SPC(218) + SPC(455)
   rate coeff:  A, n, E = (2490053800, 0.95, 5.7515)

reaction 82
   H2O2(101) + SPC(439) <=> HO2J(43) + SPC(455)
   rate coeff:  A, n, E = (2E+10, 0, -1.30457)

reaction 83
   SPC(268) + SPC(439) <=> SPC(254) + SPC(455)
   rate coeff:  A, n, E = (1E+10, 0, 3.3)

reaction 84
   SPC(271) + SPC(439) <=> SPC(395) + SPC(455)
   rate coeff:  A, n, E = (2490053800, 0.95, 5.7515)

reaction 85
   SPC(271) + SPC(439) <=> SPC(261) + SPC(455)
   rate coeff:  A, n, E = (1E+10, 0, 3.3)

reaction 86
   SPC(439) + HO2J(43) <=> SPC(455) + O2(6)
   rate coeff:  A, n, E = (1.75E+10, 0, -3.275)

reaction 87
   SPC(439) + SPC(17) <=> SPC(455) + SPC(119)
   rate coeff:  A, n, E = (4.82E+13, 0, 0)


Success... elapsed CPU time = 0.020076 s
*** no validation performed ***
